<?xml version="1.0" encoding="UTF-8"?>
<!-- Generated by org.testng.reporters.JUnitXMLReporter -->
<testsuite ignored="1" hostname="Confluxsyss-Mac-mini.local" failures="0" tests="1" name="Default test" time="0.231" errors="0" timestamp="2024-10-08T12:36:44 IST">
  <testcase classname="com.example.Csv_extractor.AppTest" name="testQueryExecutionAndCsvWriting" time="0.177"/>
  <testcase classname="com.example.Csv_extractor.AppTest" name="testDatabaseConnection" time="0.0">
    <ignored/>
  </testcase> <!-- testDatabaseConnection -->
</testsuite> <!-- Default test -->
