<?xml version="1.0" encoding="UTF-8"?>
<!-- Generated by org.testng.reporters.JUnitXMLReporter -->
<testsuite ignored="0" hostname="Confluxsyss-Mac-mini.local" failures="0" tests="4" name="Default test" time="0.658" errors="0" timestamp="2024-10-17T11:13:55 IST">
  <testcase classname="com.example.Csv_extractor.AppTest" name="testCreateUser" time="0.271"/>
  <testcase classname="com.example.Csv_extractor.AppTest" name="testReadUser" time="0.052"/>
  <testcase classname="com.example.Csv_extractor.AppTest" name="testQueryExecutionAndCsvWriting" time="0.015"/>
  <testcase classname="com.example.Csv_extractor.AppTest" name="testDeleteUser" time="0.01"/>
</testsuite> <!-- Default test -->
