<?xml version="1.0" encoding="UTF-8"?>
<!-- Generated by org.testng.reporters.JUnitXMLReporter -->
<testsuite ignored="0" hostname="Confluxsyss-Mac-mini.local" failures="5" tests="6" name="Surefire test" time="0.4" errors="0" timestamp="2024-10-08T11:07:02 IST">
  <testcase classname="com.example.Csv_extractor.AppTest" name="testCloseConnection" time="0.006"/>
  <testcase classname="com.example.Csv_extractor.AppTest" name="testConnection" time="0.009">
    <failure type="java.lang.AssertionError" message="database connection should be open expected [false] but found [true]">
      <![CDATA[java.lang.AssertionError: database connection should be open expected [false] but found [true]
at com.example.Csv_extractor.AppTest.testConnection(AppTest.java:52)
at java.base/java.util.ArrayList.forEach(ArrayList.java:1597)
... Removed 33 stack frames]]>
    </failure>
  </testcase> <!-- testConnection -->
  <testcase classname="com.example.Csv_extractor.AppTest" name="testDeleteUser" time="0.001">
    <failure type="java.lang.NullPointerException" message="Cannot invoke &amp;quot;java.sql.Connection.createStatement()&amp;quot; because &amp;quot;com.example.Csv_extractor.App.connection&amp;quot; is null">
      <![CDATA[java.lang.NullPointerException: Cannot invoke "java.sql.Connection.createStatement()" because "com.example.Csv_extractor.App.connection" is null
at com.example.Csv_extractor.App.deleteUser(App.java:193)
at com.example.Csv_extractor.AppTest.testDeleteUser(AppTest.java:121)
at java.base/java.util.ArrayList.forEach(ArrayList.java:1597)
... Removed 30 stack frames]]>
    </failure>
  </testcase> <!-- testDeleteUser -->
  <testcase classname="com.example.Csv_extractor.AppTest" name="testResultSetExtraction" time="0.001">
    <failure type="java.lang.NullPointerException" message="Cannot invoke &amp;quot;java.sql.Connection.createStatement()&amp;quot; because &amp;quot;com.example.Csv_extractor.App.connection&amp;quot; is null">
      <![CDATA[java.lang.NullPointerException: Cannot invoke "java.sql.Connection.createStatement()" because "com.example.Csv_extractor.App.connection" is null
at com.example.Csv_extractor.App.createUser(App.java:218)
at com.example.Csv_extractor.AppTest.testResultSetExtraction(AppTest.java:105)
at java.base/java.util.ArrayList.forEach(ArrayList.java:1597)
... Removed 30 stack frames]]>
    </failure>
  </testcase> <!-- testResultSetExtraction -->
  <testcase classname="com.example.Csv_extractor.AppTest" name="testSQLStatementExecution" time="0.001">
    <failure type="java.lang.NullPointerException" message="Cannot invoke &amp;quot;java.sql.Connection.createStatement()&amp;quot; because &amp;quot;com.example.Csv_extractor.App.connection&amp;quot; is null">
      <![CDATA[java.lang.NullPointerException: Cannot invoke "java.sql.Connection.createStatement()" because "com.example.Csv_extractor.App.connection" is null
at com.example.Csv_extractor.App.createUser(App.java:218)
at com.example.Csv_extractor.AppTest.testSQLStatementExecution(AppTest.java:93)
at java.base/java.util.ArrayList.forEach(ArrayList.java:1597)
... Removed 30 stack frames]]>
    </failure>
  </testcase> <!-- testSQLStatementExecution -->
  <testcase classname="com.example.Csv_extractor.AppTest" name="testWriteUsersToCsv" time="0.002">
    <failure type="java.lang.NullPointerException" message="Cannot invoke &amp;quot;java.sql.Connection.createStatement()&amp;quot; because &amp;quot;com.example.Csv_extractor.App.connection&amp;quot; is null">
      <![CDATA[java.lang.NullPointerException: Cannot invoke "java.sql.Connection.createStatement()" because "com.example.Csv_extractor.App.connection" is null
at com.example.Csv_extractor.App.writeUsersToCsv(App.java:133)
at com.example.Csv_extractor.AppTest.testWriteUsersToCsv(AppTest.java:59)
at java.base/java.util.ArrayList.forEach(ArrayList.java:1597)
... Removed 30 stack frames]]>
    </failure>
  </testcase> <!-- testWriteUsersToCsv -->
</testsuite> <!-- Surefire test -->
