<?xml version="1.0" encoding="UTF-8"?>
<testng-results ignored="1" total="2" passed="1" failed="0" skipped="0">
  <reporter-output>
  </reporter-output>
  <suite started-at="2024-10-08T12:36:44 IST" name="Default suite" finished-at="2024-10-08T12:36:44 IST" duration-ms="231">
    <groups>
    </groups>
    <test started-at="2024-10-08T12:36:44 IST" name="Default test" finished-at="2024-10-08T12:36:44 IST" duration-ms="231">
      <class name="com.example.Csv_extractor.AppTest">
        <test-method signature="testQueryExecutionAndCsvWriting()[pri:0, instance:com.example.Csv_extractor.AppTest@316bcf94]" started-at="2024-10-08T12:36:44 IST" name="testQueryExecutionAndCsvWriting" finished-at="2024-10-08T12:36:44 IST" duration-ms="177" status="PASS">
          <reporter-output>
          </reporter-output>
        </test-method> <!-- testQueryExecutionAndCsvWriting -->
      </class> <!-- com.example.Csv_extractor.AppTest -->
    </test> <!-- Default test -->
  </suite> <!-- Default suite -->
</testng-results>
